2024-02-27 14:22:53:2253 [32minfo[39m: [32mAsdfghjhgfdsasdfghjkjhgfds[39m
2024-02-27 14:22:54:2254 [32minfo[39m: [32mAsdfghjhgfdsasdfghjkjhgfds[39m
2024-02-27 14:23:00:230 [32minfo[39m: [32mAsdfghjhgfdsasdfghjkjhgfds[39m
2024-02-27 14:23:26:2326 info: Asdfghjhgfdsasdfghjkjhgfds
2024-02-27 14:23:26:2326 info: Asdfghjhgfdsasdfghjkjhgfds
2024-02-27 14:23:32:2332 info: Asdfghjhgfdsasdfghjkjhgfds
2024-02-27 14:25:40:2540 error: Asdfghjhgfdsasdfghjkjhgfds
2024-02-27 14:25:41:2541 error: Asdfghjhgfdsasdfghjkjhgfds
2024-02-27 14:25:47:2547 error: Asdfghjhgfdsasdfghjkjhgfds
2024-02-27 14:29:54:2954 info: Asdfghjhgfdsasdfghjkjhgfds
2024-02-27 14:35:13:3513 info: Asdfghjhgfdsasdfghjkjhgfds
2024-02-27 14:37:23:3723 error: locator.waitFor: Test ended.
Call log:
  [2m- waiting for locator('[class="app_logo"]') to be visible[22m

2024-02-27 14:37:31:3731 info: Asdfghjhgfdsasdfghjkjhgfds
2024-02-27 14:37:59:3759 error: locator.waitFor: Test ended.
Call log:
  [2m- waiting for locator('[class="app_logo"]') to be visible[22m

2024-02-27 14:39:24:3924 info: Asdfghjhgfdsasdfghjkjhgfds
2024-02-27 14:39:25:3925 info: Asdfghjhgfdsasdfghjkjhgfds
2024-02-27 14:39:31:3931 info: Asdfghjhgfdsasdfghjkjhgfds
2024-02-27 14:39:57:3957 info: Succesfull Login
2024-02-27 14:39:58:3958 info: Succesfull Login
2024-02-27 14:40:04:404 info: Succesfull Login
2024-02-28 12:39:07:397 info: Succesfull Login
2024-02-28 12:39:08:398 info: Succesfull Login
2024-02-28 12:39:14:3914 info: Succesfull Login
2024-02-28 12:43:36:4336 info: Succesfull Login
2024-02-28 12:43:37:4337 info: Succesfull Login
2024-02-28 12:43:43:4343 info: Succesfull Login
2024-02-28 12:47:28:4728 info: Succesfull Login
2024-02-28 12:47:30:4730 info: Succesfull Login
2024-02-28 12:47:36:4736 info: Succesfull Login
2024-02-28 12:51:34:5134 info: Succesfull Login
2024-02-28 12:51:35:5135 info: Succesfull Login
2024-02-28 12:51:41:5141 info: Succesfull Login
2024-02-28 12:56:33:5633 info: Succesfull Login
2024-02-28 12:56:35:5635 info: Succesfull Login
2024-02-28 12:56:41:5641 info: Succesfull Login
2024-02-28 12:57:44:5744 info: Succesfull Login
2024-02-28 12:57:45:5745 info: Succesfull Login
2024-02-28 12:57:51:5751 info: Succesfull Login
2024-02-28 12:59:47:5947 info: Succesfull Login
2024-02-28 12:59:50:5950 info: Succesfull Login
2024-02-28 12:59:55:5955 info: Succesfull Login
2024-02-28 12:59:56:5956 info: Succesfull Login
2024-02-28 12:59:57:5957 info: Succesfull Login
2024-02-28 12:59:58:5958 info: Succesfull Login
2024-02-28 13:00:04:04 info: Succesfull Login
2024-02-28 13:00:06:06 info: Succesfull Login
2024-02-28 13:00:08:08 info: Succesfull Login
2024-02-28 13:01:45:145 info: Succesfull Login
2024-02-28 13:01:47:147 info: Succesfull Login
2024-02-28 13:01:53:153 info: Succesfull Login
2024-02-28 13:01:55:155 info: Succesfull Login
2024-02-28 13:01:57:157 info: Succesfull Login
2024-02-28 13:01:58:158 info: Succesfull Login
2024-02-28 13:02:00:20 info: Succesfull Login
2024-02-28 13:02:03:23 info: Succesfull Login
2024-02-28 13:02:04:24 info: Succesfull Login
2024-02-28 13:05:43:543 info: Error Message for Invalid Credential is displayed
2024-02-28 13:05:43:543 info: Error Message for Invalid Credential is displayed
2024-02-28 13:05:43:543 info: Succesfull Login
2024-02-28 13:05:43:543 info: Error Message for Invalid Credential is displayed
2024-02-28 13:05:43:543 info: Item Selected
2024-02-28 13:05:45:545 info: Succesfull Login
2024-02-28 13:05:45:545 info: Checkout is cancelled
2024-02-28 13:05:45:545 info: Item Selected
2024-02-28 13:05:46:546 info: Succesfull order placed
2024-02-28 13:05:47:547 info: Item Selected
2024-02-28 13:05:47:547 info: Item Selected
2024-02-28 13:05:49:549 info: Succesfull order placed
2024-02-28 13:05:49:549 info: Checkout is cancelled
2024-02-28 13:05:51:551 info: Succesfull Login
2024-02-28 13:05:55:555 info: Succesfull Login
2024-02-28 13:05:55:555 info: Error Message for Invalid Credential is displayed
2024-02-28 13:05:55:555 info: Error Message for Invalid Credential is displayed
2024-02-28 13:05:55:555 info: Error Message for Invalid Credential is displayed
2024-02-28 13:05:57:557 info: Succesfull Login
2024-02-28 13:05:58:558 info: Succesfull Login
2024-02-28 13:05:59:559 info: Item Selected
2024-02-28 13:05:59:559 info: Error Message for Invalid Credential is displayed
2024-02-28 13:05:59:559 info: Succesfull Login
2024-02-28 13:06:00:60 info: Error Message for Invalid Credential is displayed
2024-02-28 13:06:00:60 info: Error Message for Invalid Credential is displayed
2024-02-28 13:06:00:60 info: Item Selected
2024-02-28 13:06:01:61 info: Succesfull order placed
2024-02-28 13:06:02:62 info: Succesfull Login
2024-02-28 13:06:02:62 info: Checkout is cancelled
2024-02-28 13:06:03:63 info: Succesfull Login
2024-02-28 13:07:11:711 info: Succesfull Login
2024-02-28 13:07:12:712 info: Error Message for Invalid Credential is displayed
2024-02-28 13:07:12:712 info: Error Message for Invalid Credential is displayed
2024-02-28 13:07:12:712 info: Item Selected
2024-02-28 13:07:13:713 info: Error Message for Invalid Credential is displayed
2024-02-28 13:07:13:713 info: Succesfull Login
2024-02-28 13:07:13:713 info: Item Selected
2024-02-28 13:07:14:714 info: Succesfull order placed
2024-02-28 13:07:15:715 info: Checkout is cancelled
2024-02-28 13:07:15:715 info: Item Selected
2024-02-28 13:07:16:716 info: Item Selected
2024-02-28 13:07:16:716 info: Succesfull order placed
2024-02-28 13:07:17:717 info: Checkout is cancelled
2024-02-28 13:07:19:719 info: Succesfull Login
2024-02-28 13:07:24:724 info: Error Message for Invalid Credential is displayed
2024-02-28 13:07:24:724 info: Succesfull Login
2024-02-28 13:07:24:724 info: Error Message for Invalid Credential is displayed
2024-02-28 13:07:24:724 info: Error Message for Invalid Credential is displayed
2024-02-28 13:07:26:726 info: Succesfull Login
2024-02-28 13:07:26:726 info: Item Selected
2024-02-28 13:07:27:727 info: Succesfull Login
2024-02-28 13:07:28:728 info: Succesfull order placed
2024-02-28 13:07:29:729 info: Succesfull Login
2024-02-28 13:07:29:729 info: Error Message for Invalid Credential is displayed
2024-02-28 13:07:29:729 info: Item Selected
2024-02-28 13:07:29:729 info: Error Message for Invalid Credential is displayed
2024-02-28 13:07:29:729 info: Error Message for Invalid Credential is displayed
2024-02-28 13:07:31:731 info: Checkout is cancelled
2024-02-28 13:07:31:731 info: Succesfull Login
2024-02-28 13:07:32:732 info: Succesfull Login
2024-02-28 15:35:46:3546 info: Error Message for Invalid Credential is displayed
2024-02-28 15:35:46:3546 info: Succesfull Login
2024-02-28 15:35:47:3547 info: Error Message for Invalid Credential is displayed
2024-02-28 15:35:47:3547 info: Error Message for Invalid Credential is displayed
2024-02-28 15:35:47:3547 info: Item Selected
2024-02-28 15:35:47:3547 info: Item Selected
2024-02-28 15:35:48:3548 info: Succesfull Login
2024-02-28 15:35:49:3549 info: Checkout is cancelled
2024-02-28 15:35:49:3549 info: Succesfull order placed
2024-02-28 15:35:50:3550 info: Item Selected
2024-02-28 15:35:50:3550 info: Item Selected
2024-02-28 15:35:51:3551 info: Checkout is cancelled
2024-02-28 15:35:52:3552 info: Succesfull order placed
2024-02-28 15:35:54:3554 info: Succesfull Login
2024-02-28 15:35:56:3556 info: Succesfull Login
2024-02-28 15:35:57:3557 info: Error Message for Invalid Credential is displayed
2024-02-28 15:35:57:3557 info: Error Message for Invalid Credential is displayed
2024-02-28 15:35:57:3557 info: Error Message for Invalid Credential is displayed
2024-02-28 15:35:57:3557 info: Succesfull Login
2024-02-28 15:35:59:3559 info: Succesfull Login
2024-02-28 15:36:20:3620 info: Error Message for Invalid Credential is displayed
2024-02-28 15:36:20:3620 info: Succesfull Login
2024-02-28 15:36:20:3620 info: Error Message for Invalid Credential is displayed
2024-02-28 15:36:20:3620 info: Error Message for Invalid Credential is displayed
2024-02-28 15:36:22:3622 info: Succesfull Login
2024-02-28 15:36:22:3622 info: Item Selected
2024-02-28 15:36:22:3622 info: Item Selected
2024-02-28 15:36:23:3623 info: Succesfull Login
2024-02-28 15:36:23:3623 info: Succesfull order placed
2024-02-28 15:36:24:3624 info: Checkout is cancelled
